{"/home/kadyrov_suleyman/vue/eureka3/src/components/app.vue": {"path":"/home/kadyrov_suleyman/vue/eureka3/src/components/app.vue","statementMap":{"0":{"start":{"line":3,"column":0},"end":{"line":3,"column":null}},"1":{"start":{"line":4,"column":0},"end":{"line":4,"column":null}},"2":{"start":{"line":5,"column":0},"end":{"line":5,"column":null}},"3":{"start":{"line":6,"column":0},"end":{"line":6,"column":null}},"4":{"start":{"line":7,"column":0},"end":{"line":7,"column":null}},"5":{"start":{"line":9,"column":17},"end":{"line":9,"column":21}},"6":{"start":{"line":10,"column":0},"end":{"line":10,"column":null}},"7":{"start":{"line":11,"column":18},"end":{"line":11,"column":30}},"8":{"start":{"line":12,"column":16},"end":{"line":12,"column":24}}},"fnMap":{"0":{"name":"(anonymous_2)","decl":{"start":{"line":11,"column":8},"end":{"line":11,"column":9}},"loc":{"start":{"line":11,"column":13},"end":{"line":11,"column":null}}},"1":{"name":"(anonymous_3)","decl":{"start":{"line":12,"column":8},"end":{"line":12,"column":16}},"loc":{"start":{"line":12,"column":8},"end":{"line":12,"column":null}}}},"branchMap":{},"s":{"0":1,"1":1,"2":1,"3":1,"4":1,"5":1,"6":1,"7":0,"8":0},"f":{"0":0,"1":0},"b":{}}
,"/home/kadyrov_suleyman/vue/eureka3/src/components/handlers.ts": {"path":"/home/kadyrov_suleyman/vue/eureka3/src/components/handlers.ts","statementMap":{"0":{"start":{"line":1,"column":0},"end":{"line":1,"column":null}},"1":{"start":{"line":4,"column":12},"end":{"line":4,"column":null}},"2":{"start":{"line":6,"column":30},"end":{"line":6,"column":41}},"3":{"start":{"line":6,"column":36},"end":{"line":6,"column":41}},"4":{"start":{"line":7,"column":22},"end":{"line":7,"column":30}},"5":{"start":{"line":8,"column":15},"end":{"line":8,"column":null}},"6":{"start":{"line":6,"column":13},"end":{"line":6,"column":27}},"7":{"start":{"line":10,"column":28},"end":{"line":12,"column":null}},"8":{"start":{"line":11,"column":2},"end":{"line":11,"column":7}},"9":{"start":{"line":10,"column":13},"end":{"line":10,"column":24}}},"fnMap":{"0":{"name":"(anonymous_1)","decl":{"start":{"line":6,"column":30},"end":{"line":6,"column":36}},"loc":{"start":{"line":6,"column":36},"end":{"line":6,"column":41}}},"1":{"name":"(anonymous_2)","decl":{"start":{"line":7,"column":9},"end":{"line":7,"column":22}},"loc":{"start":{"line":7,"column":22},"end":{"line":7,"column":30}}},"2":{"name":"(anonymous_3)","decl":{"start":{"line":8,"column":9},"end":{"line":8,"column":15}},"loc":{"start":{"line":8,"column":15},"end":{"line":8,"column":null}}},"3":{"name":"(anonymous_4)","decl":{"start":{"line":10,"column":28},"end":{"line":10,"column":49}},"loc":{"start":{"line":10,"column":49},"end":{"line":12,"column":null}}}},"branchMap":{},"s":{"0":1,"1":1,"2":1,"3":1,"4":0,"5":0,"6":1,"7":1,"8":0,"9":1},"f":{"0":1,"1":0,"2":0,"3":0},"b":{}}
,"/home/kadyrov_suleyman/vue/eureka3/src/components/addingTask/adapter.ts": {"path":"/home/kadyrov_suleyman/vue/eureka3/src/components/addingTask/adapter.ts","statementMap":{"0":{"start":{"line":1,"column":0},"end":{"line":1,"column":null}},"1":{"start":{"line":2,"column":0},"end":{"line":2,"column":null}},"2":{"start":{"line":9,"column":13},"end":{"line":9,"column":21}},"3":{"start":{"line":11,"column":13},"end":{"line":11,"column":20}},"4":{"start":{"line":11,"column":35},"end":{"line":11,"column":44}},"5":{"start":{"line":12,"column":13},"end":{"line":12,"column":25}}},"fnMap":{"0":{"name":"(anonymous_1)","decl":{"start":{"line":11,"column":29},"end":{"line":11,"column":35}},"loc":{"start":{"line":11,"column":35},"end":{"line":11,"column":44}}}},"branchMap":{},"s":{"0":1,"1":1,"2":1,"3":1,"4":0,"5":1},"f":{"0":0},"b":{}}
,"/home/kadyrov_suleyman/vue/eureka3/src/components/addingTask/addingTask.vue": {"path":"/home/kadyrov_suleyman/vue/eureka3/src/components/addingTask/addingTask.vue","statementMap":{"0":{"start":{"line":3,"column":0},"end":{"line":3,"column":null}},"1":{"start":{"line":4,"column":0},"end":{"line":4,"column":null}},"2":{"start":{"line":5,"column":0},"end":{"line":5,"column":null}},"3":{"start":{"line":11,"column":21},"end":{"line":11,"column":30}},"4":{"start":{"line":11,"column":36},"end":{"line":11,"column":47}}},"fnMap":{"0":{"name":"(anonymous_2)","decl":{"start":{"line":11,"column":30},"end":{"line":11,"column":36}},"loc":{"start":{"line":11,"column":30},"end":{"line":11,"column":null}}}},"branchMap":{},"s":{"0":2,"1":2,"2":2,"3":3,"4":1},"f":{"0":1},"b":{}}
,"/home/kadyrov_suleyman/vue/eureka3/src/components/addingTask/handlers.ts": {"path":"/home/kadyrov_suleyman/vue/eureka3/src/components/addingTask/handlers.ts","statementMap":{"0":{"start":{"line":4,"column":0},"end":{"line":4,"column":null}},"1":{"start":{"line":6,"column":20},"end":{"line":14,"column":null}},"2":{"start":{"line":6,"column":39},"end":{"line":14,"column":null}},"3":{"start":{"line":7,"column":2},"end":{"line":7,"column":7}},"4":{"start":{"line":9,"column":2},"end":{"line":11,"column":null}},"5":{"start":{"line":10,"column":4},"end":{"line":10,"column":null}},"6":{"start":{"line":12,"column":2},"end":{"line":12,"column":12}},"7":{"start":{"line":13,"column":2},"end":{"line":13,"column":8}},"8":{"start":{"line":16,"column":0},"end":{"line":16,"column":15}}},"fnMap":{"0":{"name":"(anonymous_0)","decl":{"start":{"line":6,"column":20},"end":{"line":6,"column":38}},"loc":{"start":{"line":6,"column":39},"end":{"line":14,"column":null}}},"1":{"name":"(anonymous_1)","decl":{"start":{"line":6,"column":39},"end":{"line":6,"column":55}},"loc":{"start":{"line":6,"column":55},"end":{"line":14,"column":null}}}},"branchMap":{"0":{"loc":{"start":{"line":9,"column":2},"end":{"line":11,"column":null}},"type":"if","locations":[{"start":{"line":9,"column":2},"end":{"line":11,"column":null}}]}},"s":{"0":2,"1":2,"2":1,"3":1,"4":0,"5":0,"6":0,"7":0,"8":2},"f":{"0":1,"1":1},"b":{"0":[0]}}
,"/home/kadyrov_suleyman/vue/eureka3/src/components/filterItem/filterItem.vue": {"path":"/home/kadyrov_suleyman/vue/eureka3/src/components/filterItem/filterItem.vue","statementMap":{"0":{"start":{"line":7,"column":0},"end":{"line":7,"column":null}},"1":{"start":{"line":3,"column":0},"end":{"line":3,"column":null}},"2":{"start":{"line":20,"column":24},"end":{"line":20,"column":33}},"3":{"start":{"line":20,"column":39},"end":{"line":20,"column":null}}},"fnMap":{"0":{"name":"(anonymous_3)","decl":{"start":{"line":20,"column":33},"end":{"line":20,"column":39}},"loc":{"start":{"line":20,"column":33},"end":{"line":21,"column":null}}}},"branchMap":{"0":{"loc":{"start":{"line":21,"column":7},"end":{"line":21,"column":65}},"type":"cond-expr","locations":[{"start":{"line":21,"column":24},"end":{"line":21,"column":61}},{"start":{"line":21,"column":61},"end":{"line":21,"column":65}}]}},"s":{"0":3,"1":8,"2":8,"3":14},"f":{"0":14},"b":{"0":[5,9]}}
,"/home/kadyrov_suleyman/vue/eureka3/src/components/filterList/adapter.ts": {"path":"/home/kadyrov_suleyman/vue/eureka3/src/components/filterList/adapter.ts","statementMap":{"0":{"start":{"line":1,"column":0},"end":{"line":1,"column":null}},"1":{"start":{"line":2,"column":0},"end":{"line":2,"column":null}},"2":{"start":{"line":3,"column":0},"end":{"line":3,"column":null}},"3":{"start":{"line":5,"column":0},"end":{"line":5,"column":9}},"4":{"start":{"line":5,"column":9},"end":{"line":5,"column":19}},"5":{"start":{"line":5,"column":21},"end":{"line":5,"column":27}},"6":{"start":{"line":5,"column":29},"end":{"line":5,"column":42}},"7":{"start":{"line":6,"column":13},"end":{"line":6,"column":26}},"8":{"start":{"line":7,"column":19},"end":{"line":7,"column":null}},"9":{"start":{"line":8,"column":13},"end":{"line":8,"column":30}},"10":{"start":{"line":9,"column":13},"end":{"line":9,"column":31}}},"fnMap":{"0":{"name":"(anonymous_1)","decl":{"start":{"line":5,"column":9},"end":{"line":5,"column":19}},"loc":{"start":{"line":5,"column":9},"end":{"line":5,"column":21}}},"1":{"name":"(anonymous_2)","decl":{"start":{"line":5,"column":21},"end":{"line":5,"column":27}},"loc":{"start":{"line":5,"column":21},"end":{"line":5,"column":29}}},"2":{"name":"(anonymous_3)","decl":{"start":{"line":5,"column":29},"end":{"line":5,"column":42}},"loc":{"start":{"line":5,"column":29},"end":{"line":5,"column":null}}},"3":{"name":"(anonymous_4)","decl":{"start":{"line":7,"column":11},"end":{"line":7,"column":19}},"loc":{"start":{"line":7,"column":19},"end":{"line":7,"column":null}}}},"branchMap":{},"s":{"0":2,"1":2,"2":2,"3":2,"4":4,"5":3,"6":2,"7":2,"8":12,"9":2,"10":2},"f":{"0":2,"1":1,"2":0,"3":12},"b":{}}
,"/home/kadyrov_suleyman/vue/eureka3/src/components/filterList/filterList.vue": {"path":"/home/kadyrov_suleyman/vue/eureka3/src/components/filterList/filterList.vue","statementMap":{"0":{"start":{"line":3,"column":0},"end":{"line":3,"column":null}},"1":{"start":{"line":4,"column":0},"end":{"line":4,"column":null}},"2":{"start":{"line":5,"column":0},"end":{"line":5,"column":null}},"3":{"start":{"line":8,"column":0},"end":{"line":8,"column":null}},"4":{"start":{"line":10,"column":18},"end":{"line":10,"column":27}},"5":{"start":{"line":10,"column":33},"end":{"line":10,"column":34}},"6":{"start":{"line":10,"column":53},"end":{"line":10,"column":70}}},"fnMap":{"0":{"name":"(anonymous_2)","decl":{"start":{"line":10,"column":27},"end":{"line":10,"column":33}},"loc":{"start":{"line":10,"column":27},"end":{"line":10,"column":null}}},"1":{"name":"(anonymous_3)","decl":{"start":{"line":10,"column":33},"end":{"line":10,"column":34}},"loc":{"start":{"line":10,"column":48},"end":{"line":10,"column":null}}}},"branchMap":{},"s":{"0":2,"1":2,"2":2,"3":2,"4":2,"5":2,"6":12},"f":{"0":2,"1":12},"b":{}}
,"/home/kadyrov_suleyman/vue/eureka3/src/components/filterList/handlers.ts": {"path":"/home/kadyrov_suleyman/vue/eureka3/src/components/filterList/handlers.ts","statementMap":{"0":{"start":{"line":1,"column":0},"end":{"line":1,"column":null}},"1":{"start":{"line":8,"column":26},"end":{"line":15,"column":null}},"2":{"start":{"line":8,"column":45},"end":{"line":15,"column":null}},"3":{"start":{"line":9,"column":2},"end":{"line":9,"column":18}},"4":{"start":{"line":10,"column":2},"end":{"line":13,"column":null}},"5":{"start":{"line":11,"column":4},"end":{"line":11,"column":19}},"6":{"start":{"line":12,"column":4},"end":{"line":12,"column":null}},"7":{"start":{"line":14,"column":2},"end":{"line":14,"column":17}},"8":{"start":{"line":17,"column":0},"end":{"line":17,"column":15}}},"fnMap":{"0":{"name":"(anonymous_0)","decl":{"start":{"line":8,"column":26},"end":{"line":8,"column":45}},"loc":{"start":{"line":8,"column":45},"end":{"line":15,"column":null}}},"1":{"name":"(anonymous_1)","decl":{"start":{"line":8,"column":45},"end":{"line":8,"column":50}},"loc":{"start":{"line":8,"column":50},"end":{"line":15,"column":null}}}},"branchMap":{"0":{"loc":{"start":{"line":10,"column":2},"end":{"line":13,"column":null}},"type":"if","locations":[{"start":{"line":10,"column":2},"end":{"line":13,"column":null}}]}},"s":{"0":3,"1":3,"2":13,"3":2,"4":2,"5":0,"6":0,"7":2,"8":3},"f":{"0":13,"1":2},"b":{"0":[0]}}
,"/home/kadyrov_suleyman/vue/eureka3/src/components/taskItem/taskItem.vue": {"path":"/home/kadyrov_suleyman/vue/eureka3/src/components/taskItem/taskItem.vue","statementMap":{"0":{"start":{"line":7,"column":0},"end":{"line":7,"column":null}},"1":{"start":{"line":3,"column":0},"end":{"line":3,"column":null}},"2":{"start":{"line":20,"column":22},"end":{"line":20,"column":31}},"3":{"start":{"line":20,"column":37},"end":{"line":20,"column":null}}},"fnMap":{"0":{"name":"(anonymous_3)","decl":{"start":{"line":20,"column":31},"end":{"line":20,"column":37}},"loc":{"start":{"line":20,"column":31},"end":{"line":21,"column":null}}}},"branchMap":{"0":{"loc":{"start":{"line":21,"column":7},"end":{"line":21,"column":57}},"type":"cond-expr","locations":[{"start":{"line":21,"column":22},"end":{"line":21,"column":53}},{"start":{"line":21,"column":53},"end":{"line":21,"column":57}}]}},"s":{"0":3,"1":9,"2":9,"3":11},"f":{"0":11},"b":{"0":[4,7]}}
,"/home/kadyrov_suleyman/vue/eureka3/src/components/taskList/adapter.ts": {"path":"/home/kadyrov_suleyman/vue/eureka3/src/components/taskList/adapter.ts","statementMap":{"0":{"start":{"line":1,"column":0},"end":{"line":1,"column":null}},"1":{"start":{"line":2,"column":0},"end":{"line":2,"column":null}},"2":{"start":{"line":7,"column":13},"end":{"line":7,"column":20}},"3":{"start":{"line":7,"column":35},"end":{"line":7,"column":44}},"4":{"start":{"line":8,"column":13},"end":{"line":8,"column":28}}},"fnMap":{"0":{"name":"(anonymous_1)","decl":{"start":{"line":7,"column":29},"end":{"line":7,"column":35}},"loc":{"start":{"line":7,"column":35},"end":{"line":7,"column":44}}}},"branchMap":{},"s":{"0":2,"1":2,"2":2,"3":6,"4":2},"f":{"0":6},"b":{}}
,"/home/kadyrov_suleyman/vue/eureka3/src/components/taskList/handlers.ts": {"path":"/home/kadyrov_suleyman/vue/eureka3/src/components/taskList/handlers.ts","statementMap":{"0":{"start":{"line":1,"column":0},"end":{"line":1,"column":null}},"1":{"start":{"line":6,"column":23},"end":{"line":8,"column":null}},"2":{"start":{"line":6,"column":38},"end":{"line":8,"column":null}},"3":{"start":{"line":7,"column":2},"end":{"line":7,"column":15}},"4":{"start":{"line":10,"column":0},"end":{"line":10,"column":15}}},"fnMap":{"0":{"name":"(anonymous_0)","decl":{"start":{"line":6,"column":23},"end":{"line":6,"column":38}},"loc":{"start":{"line":6,"column":38},"end":{"line":8,"column":null}}},"1":{"name":"(anonymous_1)","decl":{"start":{"line":6,"column":38},"end":{"line":6,"column":43}},"loc":{"start":{"line":6,"column":43},"end":{"line":8,"column":null}}}},"branchMap":{},"s":{"0":2,"1":2,"2":13,"3":0,"4":2},"f":{"0":13,"1":0},"b":{}}
,"/home/kadyrov_suleyman/vue/eureka3/src/components/taskList/taskList.vue": {"path":"/home/kadyrov_suleyman/vue/eureka3/src/components/taskList/taskList.vue","statementMap":{"0":{"start":{"line":3,"column":0},"end":{"line":3,"column":null}},"1":{"start":{"line":4,"column":0},"end":{"line":4,"column":null}},"2":{"start":{"line":5,"column":0},"end":{"line":5,"column":null}},"3":{"start":{"line":6,"column":0},"end":{"line":6,"column":null}},"4":{"start":{"line":8,"column":19},"end":{"line":8,"column":28}},"5":{"start":{"line":8,"column":34},"end":{"line":8,"column":35}},"6":{"start":{"line":8,"column":50},"end":{"line":8,"column":64}}},"fnMap":{"0":{"name":"(anonymous_2)","decl":{"start":{"line":8,"column":28},"end":{"line":8,"column":34}},"loc":{"start":{"line":8,"column":28},"end":{"line":8,"column":null}}},"1":{"name":"(anonymous_3)","decl":{"start":{"line":8,"column":34},"end":{"line":8,"column":35}},"loc":{"start":{"line":8,"column":45},"end":{"line":8,"column":null}}}},"branchMap":{},"s":{"0":2,"1":2,"2":2,"3":2,"4":2,"5":1,"6":13},"f":{"0":1,"1":13},"b":{}}
,"/home/kadyrov_suleyman/vue/eureka3/src/state/filter.ts": {"path":"/home/kadyrov_suleyman/vue/eureka3/src/state/filter.ts","statementMap":{"0":{"start":{"line":3,"column":0},"end":{"line":3,"column":12}},"1":{"start":{"line":4,"column":2},"end":{"line":4,"column":null}},"2":{"start":{"line":5,"column":2},"end":{"line":5,"column":null}},"3":{"start":{"line":6,"column":2},"end":{"line":6,"column":null}},"4":{"start":{"line":8,"column":13},"end":{"line":8,"column":29}},"5":{"start":{"line":10,"column":13},"end":{"line":10,"column":26}},"6":{"start":{"line":18,"column":17},"end":{"line":18,"column":36}},"7":{"start":{"line":18,"column":35},"end":{"line":18,"column":36}},"8":{"start":{"line":19,"column":20},"end":{"line":19,"column":42}},"9":{"start":{"line":19,"column":38},"end":{"line":19,"column":42}},"10":{"start":{"line":19,"column":60},"end":{"line":19,"column":null}},"11":{"start":{"line":20,"column":23},"end":{"line":20,"column":45}},"12":{"start":{"line":20,"column":41},"end":{"line":20,"column":45}},"13":{"start":{"line":20,"column":63},"end":{"line":20,"column":null}},"14":{"start":{"line":22,"column":19},"end":{"line":22,"column":23}},"15":{"start":{"line":28,"column":24},"end":{"line":38,"column":null}},"16":{"start":{"line":29,"column":15},"end":{"line":29,"column":25}},"17":{"start":{"line":30,"column":2},"end":{"line":36,"column":null}},"18":{"start":{"line":31,"column":24},"end":{"line":31,"column":34}},"19":{"start":{"line":32,"column":4},"end":{"line":34,"column":null}},"20":{"start":{"line":33,"column":6},"end":{"line":33,"column":13}},"21":{"start":{"line":35,"column":4},"end":{"line":35,"column":11}},"22":{"start":{"line":37,"column":2},"end":{"line":37,"column":9}},"23":{"start":{"line":28,"column":13},"end":{"line":28,"column":21}}},"fnMap":{"0":{"name":"(anonymous_0)","decl":{"start":{"line":3,"column":0},"end":{"line":3,"column":12}},"loc":{"start":{"line":3,"column":18},"end":{"line":7,"column":null}}},"1":{"name":"(anonymous_1)","decl":{"start":{"line":18,"column":17},"end":{"line":18,"column":35}},"loc":{"start":{"line":18,"column":35},"end":{"line":18,"column":36}}},"2":{"name":"(anonymous_2)","decl":{"start":{"line":19,"column":20},"end":{"line":19,"column":38}},"loc":{"start":{"line":19,"column":38},"end":{"line":19,"column":42}}},"3":{"name":"(anonymous_3)","decl":{"start":{"line":19,"column":51},"end":{"line":19,"column":60}},"loc":{"start":{"line":19,"column":60},"end":{"line":19,"column":null}}},"4":{"name":"(anonymous_4)","decl":{"start":{"line":20,"column":23},"end":{"line":20,"column":41}},"loc":{"start":{"line":20,"column":41},"end":{"line":20,"column":45}}},"5":{"name":"(anonymous_5)","decl":{"start":{"line":20,"column":54},"end":{"line":20,"column":63}},"loc":{"start":{"line":20,"column":63},"end":{"line":20,"column":null}}},"6":{"name":"(anonymous_6)","decl":{"start":{"line":28,"column":24},"end":{"line":28,"column":25}},"loc":{"start":{"line":28,"column":62},"end":{"line":38,"column":null}}}},"branchMap":{"0":{"loc":{"start":{"line":3,"column":12},"end":{"line":3,"column":18}},"type":"binary-expr","locations":[{"start":{"line":3,"column":12},"end":{"line":3,"column":18}},{"start":{"line":3,"column":12},"end":{"line":3,"column":null}}]},"1":{"loc":{"start":{"line":30,"column":2},"end":{"line":36,"column":null}},"type":"if","locations":[{"start":{"line":30,"column":2},"end":{"line":36,"column":null}}]},"2":{"loc":{"start":{"line":32,"column":4},"end":{"line":34,"column":null}},"type":"if","locations":[{"start":{"line":32,"column":4},"end":{"line":34,"column":null}}]}},"s":{"0":3,"1":3,"2":3,"3":3,"4":3,"5":3,"6":3,"7":18,"8":3,"9":3,"10":12,"11":3,"12":2,"13":7,"14":3,"15":3,"16":23,"17":23,"18":0,"19":0,"20":0,"21":0,"22":23,"23":3},"f":{"0":3,"1":18,"2":3,"3":12,"4":2,"5":7,"6":23},"b":{"0":[3,3],"1":[0],"2":[0]}}
,"/home/kadyrov_suleyman/vue/eureka3/src/state/list.ts": {"path":"/home/kadyrov_suleyman/vue/eureka3/src/state/list.ts","statementMap":{"0":{"start":{"line":2,"column":0},"end":{"line":2,"column":null}},"1":{"start":{"line":4,"column":0},"end":{"line":4,"column":null}},"2":{"start":{"line":9,"column":13},"end":{"line":65,"column":null}},"3":{"start":{"line":10,"column":15},"end":{"line":10,"column":28}},"4":{"start":{"line":11,"column":11},"end":{"line":11,"column":null}},"5":{"start":{"line":12,"column":17},"end":{"line":12,"column":29}},"6":{"start":{"line":14,"column":20},"end":{"line":14,"column":45}},"7":{"start":{"line":14,"column":41},"end":{"line":14,"column":45}},"8":{"start":{"line":15,"column":20},"end":{"line":15,"column":null}},"9":{"start":{"line":18,"column":2},"end":{"line":18,"column":9}},"10":{"start":{"line":19,"column":24},"end":{"line":19,"column":39}},"11":{"start":{"line":19,"column":30},"end":{"line":19,"column":39}},"12":{"start":{"line":21,"column":28},"end":{"line":21,"column":null}},"13":{"start":{"line":24,"column":6},"end":{"line":24,"column":10}},"14":{"start":{"line":25,"column":6},"end":{"line":25,"column":8}},"15":{"start":{"line":25,"column":50},"end":{"line":25,"column":null}},"16":{"start":{"line":29,"column":6},"end":{"line":29,"column":10}},"17":{"start":{"line":30,"column":6},"end":{"line":30,"column":8}},"18":{"start":{"line":34,"column":6},"end":{"line":34,"column":10}},"19":{"start":{"line":42,"column":6},"end":{"line":42,"column":10}},"20":{"start":{"line":42,"column":47},"end":{"line":42,"column":null}},"21":{"start":{"line":46,"column":19},"end":{"line":46,"column":28}},"22":{"start":{"line":47,"column":6},"end":{"line":49,"column":null}},"23":{"start":{"line":48,"column":8},"end":{"line":48,"column":null}},"24":{"start":{"line":50,"column":6},"end":{"line":50,"column":10}},"25":{"start":{"line":54,"column":19},"end":{"line":54,"column":28}},"26":{"start":{"line":55,"column":6},"end":{"line":57,"column":null}},"27":{"start":{"line":56,"column":8},"end":{"line":56,"column":null}},"28":{"start":{"line":58,"column":6},"end":{"line":58,"column":10}},"29":{"start":{"line":62,"column":6},"end":{"line":62,"column":12}},"30":{"start":{"line":67,"column":0},"end":{"line":67,"column":15}}},"fnMap":{"0":{"name":"(anonymous_0)","decl":{"start":{"line":9,"column":13},"end":{"line":9,"column":18}},"loc":{"start":{"line":9,"column":18},"end":{"line":65,"column":null}}},"1":{"name":"(anonymous_1)","decl":{"start":{"line":14,"column":20},"end":{"line":14,"column":41}},"loc":{"start":{"line":14,"column":41},"end":{"line":14,"column":45}}},"2":{"name":"(anonymous_2)","decl":{"start":{"line":15,"column":5},"end":{"line":15,"column":20}},"loc":{"start":{"line":15,"column":20},"end":{"line":15,"column":null}}},"3":{"name":"(anonymous_3)","decl":{"start":{"line":19,"column":18},"end":{"line":19,"column":24}},"loc":{"start":{"line":19,"column":24},"end":{"line":19,"column":39}}},"4":{"name":"(anonymous_4)","decl":{"start":{"line":19,"column":24},"end":{"line":19,"column":30}},"loc":{"start":{"line":19,"column":30},"end":{"line":19,"column":39}}},"5":{"name":"(anonymous_5)","decl":{"start":{"line":21,"column":22},"end":{"line":21,"column":28}},"loc":{"start":{"line":21,"column":28},"end":{"line":21,"column":null}}},"6":{"name":"(anonymous_6)","decl":{"start":{"line":23,"column":11},"end":{"line":23,"column":32}},"loc":{"start":{"line":23,"column":32},"end":{"line":26,"column":null}}},"7":{"name":"(anonymous_7)","decl":{"start":{"line":25,"column":41},"end":{"line":25,"column":50}},"loc":{"start":{"line":25,"column":50},"end":{"line":25,"column":null}}},"8":{"name":"(anonymous_8)","decl":{"start":{"line":28,"column":11},"end":{"line":28,"column":16}},"loc":{"start":{"line":28,"column":16},"end":{"line":31,"column":null}}},"9":{"name":"(anonymous_9)","decl":{"start":{"line":33,"column":10},"end":{"line":33,"column":26}},"loc":{"start":{"line":33,"column":26},"end":{"line":39,"column":null}}},"10":{"name":"(anonymous_10)","decl":{"start":{"line":41,"column":13},"end":{"line":41,"column":33}},"loc":{"start":{"line":41,"column":33},"end":{"line":43,"column":null}}},"11":{"name":"(anonymous_11)","decl":{"start":{"line":42,"column":38},"end":{"line":42,"column":47}},"loc":{"start":{"line":42,"column":47},"end":{"line":42,"column":null}}},"12":{"name":"(anonymous_12)","decl":{"start":{"line":45,"column":15},"end":{"line":45,"column":35}},"loc":{"start":{"line":45,"column":35},"end":{"line":51,"column":null}}},"13":{"name":"(anonymous_13)","decl":{"start":{"line":53,"column":17},"end":{"line":53,"column":37}},"loc":{"start":{"line":53,"column":37},"end":{"line":59,"column":null}}},"14":{"name":"(anonymous_14)","decl":{"start":{"line":61,"column":16},"end":{"line":61,"column":37}},"loc":{"start":{"line":61,"column":37},"end":{"line":63,"column":null}}}},"branchMap":{"0":{"loc":{"start":{"line":47,"column":6},"end":{"line":49,"column":null}},"type":"if","locations":[{"start":{"line":47,"column":6},"end":{"line":49,"column":null}}]},"1":{"loc":{"start":{"line":55,"column":6},"end":{"line":57,"column":null}},"type":"if","locations":[{"start":{"line":55,"column":6},"end":{"line":57,"column":null}}]}},"s":{"0":3,"1":3,"2":3,"3":3,"4":3,"5":3,"6":3,"7":7,"8":13,"9":3,"10":1,"11":17,"12":5,"13":0,"14":0,"15":0,"16":4,"17":4,"18":14,"19":2,"20":6,"21":2,"22":2,"23":1,"24":1,"25":5,"26":5,"27":1,"28":4,"29":3,"30":3},"f":{"0":3,"1":7,"2":13,"3":1,"4":17,"5":5,"6":0,"7":0,"8":4,"9":14,"10":2,"11":6,"12":2,"13":5,"14":3},"b":{"0":[1],"1":[1]}}
}
