TN:
SF:src/components/app.vue
FNF:0
FNH:0
DA:3,1
DA:4,1
DA:5,1
LF:3
LH:3
BRF:0
BRH:0
end_of_record
TN:
SF:src/components/addingTask/adapter.ts
FN:11,(anonymous_1)
FNF:1
FNH:0
FNDA:0,(anonymous_1)
DA:1,1
DA:2,1
DA:9,1
DA:11,1
DA:12,1
LF:5
LH:5
BRF:0
BRH:0
end_of_record
TN:
SF:src/components/addingTask/addingTask.vue
FN:11,(anonymous_2)
FNF:1
FNH:1
FNDA:1,(anonymous_2)
DA:3,2
DA:4,2
DA:5,2
DA:11,4
LF:4
LH:4
BRF:0
BRH:0
end_of_record
TN:
SF:src/components/addingTask/handlers.ts
FN:6,(anonymous_0)
FN:6,(anonymous_1)
FNF:2
FNH:0
FNDA:0,(anonymous_0)
FNDA:0,(anonymous_1)
DA:4,1
DA:6,1
DA:7,0
DA:8,0
DA:10,0
DA:11,0
DA:14,1
LF:7
LH:3
BRDA:7,0,0,0
BRF:1
BRH:0
end_of_record
TN:
SF:src/components/filterItem/filterItem.vue
FN:20,(anonymous_3)
FNF:1
FNH:1
FNDA:17,(anonymous_3)
DA:3,11
DA:7,3
DA:20,17
LF:3
LH:3
BRDA:21,0,0,6
BRDA:21,0,1,11
BRF:2
BRH:2
end_of_record
TN:
SF:src/components/filterList/adapter.ts
FN:5,(anonymous_1)
FN:5,(anonymous_2)
FN:7,(anonymous_3)
FNF:3
FNH:2
FNDA:3,(anonymous_1)
FNDA:0,(anonymous_2)
FNDA:12,(anonymous_3)
DA:1,2
DA:2,2
DA:3,2
DA:5,5
DA:6,2
DA:7,12
DA:8,2
DA:9,2
LF:8
LH:8
BRF:0
BRH:0
end_of_record
TN:
SF:src/components/filterList/filterList.vue
FN:10,(anonymous_2)
FN:10,(anonymous_3)
FNF:2
FNH:2
FNDA:3,(anonymous_2)
FNDA:15,(anonymous_3)
DA:3,2
DA:4,2
DA:5,2
DA:8,2
DA:10,15
LF:5
LH:5
BRF:0
BRH:0
end_of_record
TN:
SF:src/components/filterList/handlers.ts
FN:6,(anonymous_0)
FN:6,(anonymous_1)
FNF:2
FNH:2
FNDA:15,(anonymous_0)
FNDA:1,(anonymous_1)
DA:1,2
DA:6,15
DA:7,1
DA:8,1
DA:11,2
LF:5
LH:5
BRF:0
BRH:0
end_of_record
TN:
SF:src/components/taskItem/taskItem.vue
FN:20,(anonymous_3)
FNF:1
FNH:1
FNDA:11,(anonymous_3)
DA:3,9
DA:7,3
DA:20,11
LF:3
LH:3
BRDA:21,0,0,4
BRDA:21,0,1,7
BRF:2
BRH:2
end_of_record
TN:
SF:src/components/taskList/adapter.ts
FN:7,(anonymous_1)
FNF:1
FNH:1
FNDA:7,(anonymous_1)
DA:1,2
DA:2,2
DA:7,7
DA:8,2
LF:4
LH:4
BRF:0
BRH:0
end_of_record
TN:
SF:src/components/taskList/handlers.ts
FN:6,(anonymous_0)
FN:6,(anonymous_1)
FNF:2
FNH:1
FNDA:13,(anonymous_0)
FNDA:0,(anonymous_1)
DA:1,2
DA:6,13
DA:7,0
DA:10,2
LF:4
LH:3
BRF:0
BRH:0
end_of_record
TN:
SF:src/components/taskList/taskList.vue
FN:8,(anonymous_2)
FN:8,(anonymous_3)
FNF:2
FNH:2
FNDA:1,(anonymous_2)
FNDA:13,(anonymous_3)
DA:3,2
DA:4,2
DA:5,2
DA:6,2
DA:8,13
LF:5
LH:5
BRF:0
BRH:0
end_of_record
TN:
SF:src/state/filter.ts
FN:3,(anonymous_0)
FN:18,(anonymous_1)
FN:19,(anonymous_2)
FN:19,(anonymous_3)
FN:20,(anonymous_4)
FN:20,(anonymous_5)
FN:28,(anonymous_6)
FNF:7
FNH:7
FNDA:3,(anonymous_0)
FNDA:17,(anonymous_1)
FNDA:3,(anonymous_2)
FNDA:12,(anonymous_3)
FNDA:2,(anonymous_4)
FNDA:7,(anonymous_5)
FNDA:22,(anonymous_6)
DA:3,3
DA:4,3
DA:5,3
DA:6,3
DA:8,3
DA:10,3
DA:18,17
DA:19,12
DA:20,7
DA:22,3
DA:28,3
DA:29,22
DA:30,22
DA:31,0
DA:32,0
DA:33,0
DA:35,0
DA:37,22
LF:18
LH:14
BRDA:3,0,0,3
BRDA:3,0,1,3
BRDA:30,1,0,0
BRDA:32,2,0,0
BRF:4
BRH:2
end_of_record
TN:
SF:src/state/list.ts
FN:9,(anonymous_0)
FN:14,(anonymous_1)
FN:15,(anonymous_2)
FN:19,(anonymous_3)
FN:19,(anonymous_4)
FN:21,(anonymous_5)
FN:23,(anonymous_6)
FN:28,(anonymous_7)
FN:36,(anonymous_8)
FN:37,(anonymous_9)
FN:40,(anonymous_10)
FN:48,(anonymous_11)
FN:56,(anonymous_12)
FNF:13
FNH:13
FNDA:3,(anonymous_0)
FNDA:5,(anonymous_1)
FNDA:11,(anonymous_2)
FNDA:2,(anonymous_3)
FNDA:16,(anonymous_4)
FNDA:5,(anonymous_5)
FNDA:4,(anonymous_6)
FNDA:14,(anonymous_7)
FNDA:2,(anonymous_8)
FNDA:6,(anonymous_9)
FNDA:1,(anonymous_10)
FNDA:4,(anonymous_11)
FNDA:3,(anonymous_12)
DA:2,3
DA:4,3
DA:9,3
DA:10,3
DA:11,3
DA:12,3
DA:14,5
DA:15,11
DA:18,3
DA:19,16
DA:21,5
DA:24,4
DA:25,4
DA:29,14
DA:37,6
DA:41,1
DA:42,1
DA:43,0
DA:45,1
DA:49,4
DA:50,4
DA:51,0
DA:53,4
DA:57,3
DA:62,3
LF:25
LH:23
BRDA:42,0,0,0
BRDA:50,1,0,0
BRF:2
BRH:0
end_of_record
