TN:
SF:src/components/app.vue
FN:11,(anonymous_2)
FN:12,(anonymous_3)
FNF:2
FNH:0
FNDA:0,(anonymous_2)
FNDA:0,(anonymous_3)
DA:3,1
DA:4,1
DA:5,1
DA:6,1
DA:7,1
DA:9,1
DA:10,1
DA:11,0
DA:12,0
LF:9
LH:7
BRF:0
BRH:0
end_of_record
TN:
SF:src/components/handlers.ts
FN:6,(anonymous_1)
FN:7,(anonymous_2)
FN:8,(anonymous_3)
FN:10,(anonymous_4)
FNF:4
FNH:1
FNDA:1,(anonymous_1)
FNDA:0,(anonymous_2)
FNDA:0,(anonymous_3)
FNDA:0,(anonymous_4)
DA:1,1
DA:4,1
DA:6,1
DA:7,0
DA:8,0
DA:10,1
DA:11,0
LF:7
LH:4
BRF:0
BRH:0
end_of_record
TN:
SF:src/components/addingTask/adapter.ts
FN:11,(anonymous_1)
FNF:1
FNH:0
FNDA:0,(anonymous_1)
DA:1,1
DA:2,1
DA:9,1
DA:11,1
DA:12,1
LF:5
LH:5
BRF:0
BRH:0
end_of_record
TN:
SF:src/components/addingTask/addingTask.vue
FN:11,(anonymous_2)
FNF:1
FNH:1
FNDA:1,(anonymous_2)
DA:3,2
DA:4,2
DA:5,2
DA:11,3
LF:4
LH:4
BRF:0
BRH:0
end_of_record
TN:
SF:src/components/addingTask/handlers.ts
FN:6,(anonymous_0)
FN:6,(anonymous_1)
FNF:2
FNH:2
FNDA:1,(anonymous_0)
FNDA:1,(anonymous_1)
DA:4,2
DA:6,2
DA:7,1
DA:9,0
DA:10,0
DA:12,0
DA:13,0
DA:16,2
LF:8
LH:4
BRDA:9,0,0,0
BRF:1
BRH:0
end_of_record
TN:
SF:src/components/filterItem/filterItem.vue
FN:20,(anonymous_3)
FNF:1
FNH:1
FNDA:14,(anonymous_3)
DA:3,8
DA:7,3
DA:20,14
LF:3
LH:3
BRDA:21,0,0,5
BRDA:21,0,1,9
BRF:2
BRH:2
end_of_record
TN:
SF:src/components/filterList/adapter.ts
FN:5,(anonymous_1)
FN:5,(anonymous_2)
FN:5,(anonymous_3)
FN:7,(anonymous_4)
FNF:4
FNH:3
FNDA:2,(anonymous_1)
FNDA:1,(anonymous_2)
FNDA:0,(anonymous_3)
FNDA:12,(anonymous_4)
DA:1,2
DA:2,2
DA:3,2
DA:5,4
DA:6,2
DA:7,12
DA:8,2
DA:9,2
LF:8
LH:8
BRF:0
BRH:0
end_of_record
TN:
SF:src/components/filterList/filterList.vue
FN:10,(anonymous_2)
FN:10,(anonymous_3)
FNF:2
FNH:2
FNDA:2,(anonymous_2)
FNDA:12,(anonymous_3)
DA:3,2
DA:4,2
DA:5,2
DA:8,2
DA:10,12
LF:5
LH:5
BRF:0
BRH:0
end_of_record
TN:
SF:src/components/filterList/handlers.ts
FN:8,(anonymous_0)
FN:8,(anonymous_1)
FNF:2
FNH:2
FNDA:13,(anonymous_0)
FNDA:2,(anonymous_1)
DA:1,3
DA:8,13
DA:9,2
DA:10,2
DA:11,0
DA:12,0
DA:14,2
DA:17,3
LF:8
LH:6
BRDA:10,0,0,0
BRF:1
BRH:0
end_of_record
TN:
SF:src/components/taskItem/taskItem.vue
FN:20,(anonymous_3)
FNF:1
FNH:1
FNDA:11,(anonymous_3)
DA:3,9
DA:7,3
DA:20,11
LF:3
LH:3
BRDA:21,0,0,4
BRDA:21,0,1,7
BRF:2
BRH:2
end_of_record
TN:
SF:src/components/taskList/adapter.ts
FN:7,(anonymous_1)
FNF:1
FNH:1
FNDA:6,(anonymous_1)
DA:1,2
DA:2,2
DA:7,6
DA:8,2
LF:4
LH:4
BRF:0
BRH:0
end_of_record
TN:
SF:src/components/taskList/handlers.ts
FN:6,(anonymous_0)
FN:6,(anonymous_1)
FNF:2
FNH:1
FNDA:13,(anonymous_0)
FNDA:0,(anonymous_1)
DA:1,2
DA:6,13
DA:7,0
DA:10,2
LF:4
LH:3
BRF:0
BRH:0
end_of_record
TN:
SF:src/components/taskList/taskList.vue
FN:8,(anonymous_2)
FN:8,(anonymous_3)
FNF:2
FNH:2
FNDA:1,(anonymous_2)
FNDA:13,(anonymous_3)
DA:3,2
DA:4,2
DA:5,2
DA:6,2
DA:8,13
LF:5
LH:5
BRF:0
BRH:0
end_of_record
TN:
SF:src/state/filter.ts
FN:3,(anonymous_0)
FN:18,(anonymous_1)
FN:19,(anonymous_2)
FN:19,(anonymous_3)
FN:20,(anonymous_4)
FN:20,(anonymous_5)
FN:28,(anonymous_6)
FNF:7
FNH:7
FNDA:3,(anonymous_0)
FNDA:18,(anonymous_1)
FNDA:3,(anonymous_2)
FNDA:12,(anonymous_3)
FNDA:2,(anonymous_4)
FNDA:7,(anonymous_5)
FNDA:23,(anonymous_6)
DA:3,3
DA:4,3
DA:5,3
DA:6,3
DA:8,3
DA:10,3
DA:18,18
DA:19,12
DA:20,7
DA:22,3
DA:28,3
DA:29,23
DA:30,23
DA:31,0
DA:32,0
DA:33,0
DA:35,0
DA:37,23
LF:18
LH:14
BRDA:3,0,0,3
BRDA:3,0,1,3
BRDA:30,1,0,0
BRDA:32,2,0,0
BRF:4
BRH:2
end_of_record
TN:
SF:src/state/list.ts
FN:9,(anonymous_0)
FN:14,(anonymous_1)
FN:15,(anonymous_2)
FN:19,(anonymous_3)
FN:19,(anonymous_4)
FN:21,(anonymous_5)
FN:23,(anonymous_6)
FN:25,(anonymous_7)
FN:28,(anonymous_8)
FN:33,(anonymous_9)
FN:41,(anonymous_10)
FN:42,(anonymous_11)
FN:45,(anonymous_12)
FN:53,(anonymous_13)
FN:61,(anonymous_14)
FNF:15
FNH:13
FNDA:3,(anonymous_0)
FNDA:7,(anonymous_1)
FNDA:13,(anonymous_2)
FNDA:1,(anonymous_3)
FNDA:17,(anonymous_4)
FNDA:5,(anonymous_5)
FNDA:0,(anonymous_6)
FNDA:0,(anonymous_7)
FNDA:4,(anonymous_8)
FNDA:14,(anonymous_9)
FNDA:2,(anonymous_10)
FNDA:6,(anonymous_11)
FNDA:2,(anonymous_12)
FNDA:5,(anonymous_13)
FNDA:3,(anonymous_14)
DA:2,3
DA:4,3
DA:9,3
DA:10,3
DA:11,3
DA:12,3
DA:14,7
DA:15,13
DA:18,3
DA:19,17
DA:21,5
DA:24,0
DA:25,0
DA:29,4
DA:30,4
DA:34,14
DA:42,6
DA:46,2
DA:47,2
DA:48,1
DA:50,1
DA:54,5
DA:55,5
DA:56,1
DA:58,4
DA:62,3
DA:67,3
LF:27
LH:25
BRDA:47,0,0,1
BRDA:55,1,0,1
BRF:2
BRH:2
end_of_record
